{
  "stats": {
    "suites": 4,
    "tests": 2,
    "passes": 1,
    "pending": 0,
    "failures": 1,
    "start": "2023-04-10T13:01:08.475Z",
    "end": "2023-04-10T13:01:09.199Z",
    "duration": 724,
    "testsRegistered": 2,
    "passPercent": 50,
    "pendingPercent": 0,
    "other": 0,
    "hasOther": false,
    "skipped": 0,
    "hasSkipped": false
  },
  "results": [
    {
      "uuid": "eaab2ade-2ac4-4e43-aab2-8d53544def79",
      "title": "",
      "fullFile": "C:\\Users\\Admin\\Desktop\\FoloosiBlog\\src\\test\\v1\\auth.test.js",
      "file": "\\src\\test\\v1\\auth.test.js",
      "beforeHooks": [],
      "afterHooks": [],
      "tests": [],
      "suites": [
        {
          "uuid": "d7790f41-1dcc-4cd9-b781-3fe298d06b3a",
          "title": "Authentication with login /",
          "fullFile": "C:\\Users\\Admin\\Desktop\\FoloosiBlog\\src\\test\\v1\\auth.test.js",
          "file": "\\src\\test\\v1\\auth.test.js",
          "beforeHooks": [],
          "afterHooks": [],
          "tests": [],
          "suites": [
            {
              "uuid": "be116449-60d1-4cd2-81cd-305c2ba2de67",
              "title": "login check",
              "fullFile": "C:\\Users\\Admin\\Desktop\\FoloosiBlog\\src\\test\\v1\\auth.test.js",
              "file": "\\src\\test\\v1\\auth.test.js",
              "beforeHooks": [],
              "afterHooks": [],
              "tests": [],
              "suites": [
                {
                  "uuid": "c93c728e-e60e-4641-be83-d0d0fb0f325f",
                  "title": "invalid login credentials",
                  "fullFile": "C:\\Users\\Admin\\Desktop\\FoloosiBlog\\src\\test\\v1\\auth.test.js",
                  "file": "\\src\\test\\v1\\auth.test.js",
                  "beforeHooks": [],
                  "afterHooks": [],
                  "tests": [
                    {
                      "title": "should return 401 when invalid detail passed",
                      "fullTitle": "Authentication with login / login check invalid login credentials should return 401 when invalid detail passed",
                      "timedOut": false,
                      "duration": 35,
                      "state": "passed",
                      "speed": "fast",
                      "pass": true,
                      "fail": false,
                      "pending": false,
                      "context": null,
                      "code": "chai.request(app)\n    .post('/v1//user/login')\n    .end((err, res) => {\n        expect(res).to.have.status(401);\n        done();\n    });",
                      "err": {},
                      "uuid": "e8ee6f9e-01e6-4214-bef4-220e21a57019",
                      "parentUUID": "c93c728e-e60e-4641-be83-d0d0fb0f325f",
                      "isHook": false,
                      "skipped": false
                    }
                  ],
                  "suites": [],
                  "passes": [
                    "e8ee6f9e-01e6-4214-bef4-220e21a57019"
                  ],
                  "failures": [],
                  "pending": [],
                  "skipped": [],
                  "duration": 35,
                  "root": false,
                  "rootEmpty": false,
                  "_timeout": 2000
                },
                {
                  "uuid": "d2adb2a6-9bca-4a74-b791-31e62a357056",
                  "title": "valid login credentials",
                  "fullFile": "C:\\Users\\Admin\\Desktop\\FoloosiBlog\\src\\test\\v1\\auth.test.js",
                  "file": "\\src\\test\\v1\\auth.test.js",
                  "beforeHooks": [],
                  "afterHooks": [],
                  "tests": [
                    {
                      "title": "should return 200",
                      "fullTitle": "Authentication with login / login check valid login credentials should return 200",
                      "timedOut": false,
                      "duration": 618,
                      "state": "failed",
                      "speed": null,
                      "pass": false,
                      "fail": true,
                      "pending": false,
                      "context": null,
                      "code": "chai.request(app)\n    .post('/v1//user/login')\n    .send({\n        email: 'support@foloosi.com',\n        password: 'Foloosi@2023',\n    })\n    .end((err, res) => {\n        expect(res).to.have.status(401);\n        done();\n    });",
                      "err": {
                        "message": "AssertionError: expected { Object (_events, _eventsCount, ...) } to have status code 401 but got 200",
                        "estack": "AssertionError: expected { Object (_events, _eventsCount, ...) } to have status code 401 but got 200\n    at C:\\Users\\Admin\\Desktop\\FoloosiBlog\\src\\test\\v1\\auth.test.js:29:45\n    at Request.callback (node_modules\\superagent\\lib\\node\\index.js:716:12)\n    at C:\\Users\\Admin\\Desktop\\FoloosiBlog\\node_modules\\superagent\\lib\\node\\index.js:916:18\n    at IncomingMessage.<anonymous> (node_modules\\superagent\\lib\\node\\parsers\\json.js:19:7)\n    at IncomingMessage.emit (node:events:525:35)\n    at endReadableNT (node:internal/streams/readable:1359:12)\n    at process.processTicksAndRejections (node:internal/process/task_queues:82:21)",
                        "diff": "- 200\n+ 401\n"
                      },
                      "uuid": "88c20164-b0d6-4652-96b2-dc18f75c2268",
                      "parentUUID": "d2adb2a6-9bca-4a74-b791-31e62a357056",
                      "isHook": false,
                      "skipped": false
                    }
                  ],
                  "suites": [],
                  "passes": [],
                  "failures": [
                    "88c20164-b0d6-4652-96b2-dc18f75c2268"
                  ],
                  "pending": [],
                  "skipped": [],
                  "duration": 618,
                  "root": false,
                  "rootEmpty": false,
                  "_timeout": 2000
                }
              ],
              "passes": [],
              "failures": [],
              "pending": [],
              "skipped": [],
              "duration": 0,
              "root": false,
              "rootEmpty": false,
              "_timeout": 2000
            }
          ],
          "passes": [],
          "failures": [],
          "pending": [],
          "skipped": [],
          "duration": 0,
          "root": false,
          "rootEmpty": false,
          "_timeout": 2000
        }
      ],
      "passes": [],
      "failures": [],
      "pending": [],
      "skipped": [],
      "duration": 0,
      "root": true,
      "rootEmpty": true,
      "_timeout": 2000
    }
  ],
  "meta": {
    "mocha": {
      "version": "10.2.0"
    },
    "mochawesome": {
      "options": {
        "quiet": false,
        "reportFilename": "mochawesome",
        "saveHtml": true,
        "saveJson": true,
        "consoleReporter": "spec",
        "useInlineDiffs": false,
        "code": true
      },
      "version": "7.1.3"
    },
    "marge": {
      "options": null,
      "version": "6.2.0"
    }
  }
}